-------------------------------------------------------------------------------
Test set: org.cuatrovientos.interfaz.SaludoTest
-------------------------------------------------------------------------------
Tests run: 1, Failures: 1, Errors: 0, Skipped: 0, Time elapsed: 0.008 s <<< FAILURE! - in org.cuatrovientos.interfaz.SaludoTest
testSaludo  Time elapsed: 0.004 s  <<< FAILURE!
org.opentest4j.AssertionFailedError: expected: <Error> but was: <Hola Asier>
	at org.cuatrovientos.interfaz.SaludoTest.testSaludo(SaludoTest.java:20)

