<?xml version="1.0" encoding="UTF-8"?>
<testsuite xmlns:xsi="http://www.w3.org/2001/XMLSchema-instance" xsi:noNamespaceSchemaLocation="https://maven.apache.org/surefire/maven-surefire-plugin/xsd/surefire-test-report.xsd" name="org.cuatrovientos.interfaz.SaludoTest" time="0.008" tests="1" errors="0" skipped="0" failures="1">
  <properties>
[...]
</properties>
  <testcase name="testSaludo" classname="org.cuatrovientos.interfaz.SaludoTest" time="0.004">
    <failure message="expected: &lt;Error&gt; but was: &lt;Hola Asier&gt;" type="org.opentest4j.AssertionFailedError"><![CDATA[org.opentest4j.AssertionFailedError: expected: <Error> but was: <Hola Asier>
	at org.cuatrovientos.interfaz.SaludoTest.testSaludo(SaludoTest.java:20)
]]></failure>
    <system-out><![CDATA[Error al leer fichero.txt
]]></system-out>
  </testcase>
</testsuite>